0 info it worked if it ends with ok
1 verbose cli [ 'C:\\Program Files\\nodejs\\node.exe',
1 verbose cli   'C:\\Program Files\\nodejs\\node_modules\\npm\\bin\\npm-cli.js',
1 verbose cli   'start' ]
2 info using npm@4.0.5
3 info using node@v7.4.0
4 verbose run-script [ 'prestart', 'start', 'poststart' ]
5 info lifecycle blog_server@1.0.0~prestart: blog_server@1.0.0
6 silly lifecycle blog_server@1.0.0~prestart: no script for prestart, continuing
7 info lifecycle blog_server@1.0.0~start: blog_server@1.0.0
8 verbose lifecycle blog_server@1.0.0~start: unsafe-perm in lifecycle true
9 verbose lifecycle blog_server@1.0.0~start: PATH: C:\Program Files\nodejs\node_modules\npm\bin\node-gyp-bin;E:\OneDrive\Nghien cuu\ReactJS\Blog_Me\blog_reactjs\Server\Post\node_modules\.bin;C:\WINDOWS\system32;C:\WINDOWS;C:\WINDOWS\System32\Wbem;C:\WINDOWS\System32\WindowsPowerShell\v1.0\;C:\Program Files\Git\cmd;C:\Program Files\Microsoft SQL Server\110\Tools\Binn\;C:\Program Files\Microsoft SQL Server\120\Tools\Binn\;C:\Program Files (x86)\Yarn\bin;C:\Program Files\Redis\;C:\Program Files\nodejs\;C:\Program Files\dotnet\;C:\Program Files\Microsoft SQL Server\130\Tools\Binn\;;C:\Program Files\Docker Toolbox;C:\Program Files (x86)\Microsoft VS Code\bin;C:\Users\vuhoa\AppData\Local\Microsoft\WindowsApps;C:\Users\vuhoa\AppData\Local\Yarn\.bin;C:\Users\vuhoa\AppData\Roaming\npm
10 verbose lifecycle blog_server@1.0.0~start: CWD: E:\OneDrive\Nghien cuu\ReactJS\Blog_Me\blog_reactjs\Server\Post
11 silly lifecycle blog_server@1.0.0~start: Args: [ '/d /s /c', 'SET NODE_ENV=dev && node server.js' ]
12 silly lifecycle blog_server@1.0.0~start: Returned: code: 3221225786  signal: null
13 info lifecycle blog_server@1.0.0~start: Failed to exec start script
14 verbose stack Error: blog_server@1.0.0 start: `SET NODE_ENV=dev && node server.js`
14 verbose stack Exit status 3221225786
14 verbose stack     at EventEmitter.<anonymous> (C:\Program Files\nodejs\node_modules\npm\lib\utils\lifecycle.js:279:16)
14 verbose stack     at emitTwo (events.js:106:13)
14 verbose stack     at EventEmitter.emit (events.js:191:7)
14 verbose stack     at ChildProcess.<anonymous> (C:\Program Files\nodejs\node_modules\npm\lib\utils\spawn.js:40:14)
14 verbose stack     at emitTwo (events.js:106:13)
14 verbose stack     at ChildProcess.emit (events.js:191:7)
14 verbose stack     at maybeClose (internal/child_process.js:885:16)
14 verbose stack     at Process.ChildProcess._handle.onexit (internal/child_process.js:226:5)
15 verbose pkgid blog_server@1.0.0
16 verbose cwd E:\OneDrive\Nghien cuu\ReactJS\Blog_Me\blog_reactjs\Server\Post
17 error Windows_NT 10.0.14393
18 error argv "C:\\Program Files\\nodejs\\node.exe" "C:\\Program Files\\nodejs\\node_modules\\npm\\bin\\npm-cli.js" "start"
19 error node v7.4.0
20 error npm  v4.0.5
21 error code ELIFECYCLE
22 error blog_server@1.0.0 start: `SET NODE_ENV=dev && node server.js`
22 error Exit status 3221225786
23 error Failed at the blog_server@1.0.0 start script 'SET NODE_ENV=dev && node server.js'.
23 error Make sure you have the latest version of node.js and npm installed.
23 error If you do, this is most likely a problem with the blog_server package,
23 error not with npm itself.
23 error Tell the author that this fails on your system:
23 error     SET NODE_ENV=dev && node server.js
23 error You can get information on how to open an issue for this project with:
23 error     npm bugs blog_server
23 error Or if that isn't available, you can get their info via:
23 error     npm owner ls blog_server
23 error There is likely additional logging output above.
24 verbose exit [ 1, true ]
